Using pre-set license
Built from '2022.3/release' branch; Version is '2022.3.20f1 (61c2feb0970d) revision 6406910'; Using compiler version '192829333'; Build Type 'Release'
OS: 'Windows 10  (10.0.19045) 64bit Core' Language: 'pl' Physical Memory: 32728 MB
BatchMode: 1, IsHumanControllingUs: 0, StartBugReporterOnCrash: 0, Is64bit: 1, IsPro: 1

COMMAND LINE ARGUMENTS:
C:\Program Files\Unity\Hub\Editor\2022.3.20f1\Editor\Unity.exe
-adb2
-batchMode
-noUpm
-name
AssetImportWorker0
-projectPath
E:/Projects/Fun_Crafters_Piotr_Wolk
-logFile
Logs/AssetImportWorker0.log
-srvPort
53300
Successfully changed project path to: E:/Projects/Fun_Crafters_Piotr_Wolk
E:/Projects/Fun_Crafters_Piotr_Wolk
[UnityMemory] Configuration Parameters - Can be set up in boot.config
    "memorysetup-bucket-allocator-granularity=16"
    "memorysetup-bucket-allocator-bucket-count=8"
    "memorysetup-bucket-allocator-block-size=33554432"
    "memorysetup-bucket-allocator-block-count=8"
    "memorysetup-main-allocator-block-size=16777216"
    "memorysetup-thread-allocator-block-size=16777216"
    "memorysetup-gfx-main-allocator-block-size=16777216"
    "memorysetup-gfx-thread-allocator-block-size=16777216"
    "memorysetup-cache-allocator-block-size=4194304"
    "memorysetup-typetree-allocator-block-size=2097152"
    "memorysetup-profiler-bucket-allocator-granularity=16"
    "memorysetup-profiler-bucket-allocator-bucket-count=8"
    "memorysetup-profiler-bucket-allocator-block-size=33554432"
    "memorysetup-profiler-bucket-allocator-block-count=8"
    "memorysetup-profiler-allocator-block-size=16777216"
    "memorysetup-profiler-editor-allocator-block-size=1048576"
    "memorysetup-temp-allocator-size-main=16777216"
    "memorysetup-job-temp-allocator-block-size=2097152"
    "memorysetup-job-temp-allocator-block-size-background=1048576"
    "memorysetup-job-temp-allocator-reduction-small-platforms=262144"
    "memorysetup-allocator-temp-initial-block-size-main=262144"
    "memorysetup-allocator-temp-initial-block-size-worker=262144"
    "memorysetup-temp-allocator-size-background-worker=32768"
    "memorysetup-temp-allocator-size-job-worker=262144"
    "memorysetup-temp-allocator-size-preload-manager=33554432"
    "memorysetup-temp-allocator-size-nav-mesh-worker=65536"
    "memorysetup-temp-allocator-size-audio-worker=65536"
    "memorysetup-temp-allocator-size-cloud-worker=32768"
    "memorysetup-temp-allocator-size-gi-baking-worker=262144"
    "memorysetup-temp-allocator-size-gfx=262144"
Player connection [24372] Host "[IP] 192.168.0.10 [Port] 0 [Flags] 2 [Guid] 202605429 [EditorId] 202605429 [Version] 1048832 [Id] WindowsEditor(7,MSI) [Debug] 1 [PackageName] WindowsEditor [ProjectName] Editor" joined multi-casting on [225.0.0.222:54997]...

Player connection [24372] Host "[IP] 192.168.0.10 [Port] 0 [Flags] 2 [Guid] 202605429 [EditorId] 202605429 [Version] 1048832 [Id] WindowsEditor(7,MSI) [Debug] 1 [PackageName] WindowsEditor [ProjectName] Editor" joined alternative multi-casting on [225.0.0.222:34997]...

[Physics::Module] Initialized MultithreadedJobDispatcher with 7 workers.
Refreshing native plugins compatible for Editor in 20.54 ms, found 4 plugins.
Preloading 0 native plugins for Editor in 0.00 ms.
Initialize engine version: 2022.3.20f1 (61c2feb0970d)
[Subsystems] Discovering subsystems at path C:/Program Files/Unity/Hub/Editor/2022.3.20f1/Editor/Data/Resources/UnitySubsystems
[Subsystems] Discovering subsystems at path E:/Projects/Fun_Crafters_Piotr_Wolk/Assets
GfxDevice: creating device client; threaded=0; jobified=0
Direct3D:
    Version:  Direct3D 11.0 [level 11.1]
    Renderer: NVIDIA GeForce GTX 1080 (ID=0x1be0)
    Vendor:   NVIDIA
    VRAM:     8072 MB
    Driver:   31.0.15.2824
Initialize mono
Mono path[0] = 'C:/Program Files/Unity/Hub/Editor/2022.3.20f1/Editor/Data/Managed'
Mono path[1] = 'C:/Program Files/Unity/Hub/Editor/2022.3.20f1/Editor/Data/MonoBleedingEdge/lib/mono/unityjit-win32'
Mono config path = 'C:/Program Files/Unity/Hub/Editor/2022.3.20f1/Editor/Data/MonoBleedingEdge/etc'
Using monoOptions --debugger-agent=transport=dt_socket,embedding=1,server=y,suspend=n,address=127.0.0.1:56576
Begin MonoManager ReloadAssembly
Registering precompiled unity dll's ...
Register platform support module: C:/Program Files/Unity/Hub/Editor/2022.3.20f1/Editor/Data/PlaybackEngines/WebGLSupport/UnityEditor.WebGL.Extensions.dll
Register platform support module: C:/Program Files/Unity/Hub/Editor/2022.3.20f1/Editor/Data/PlaybackEngines/AndroidPlayer/UnityEditor.Android.Extensions.dll
Register platform support module: C:/Program Files/Unity/Hub/Editor/2022.3.20f1/Editor/Data/PlaybackEngines/iOSSupport/UnityEditor.iOS.Extensions.dll
Register platform support module: C:/Program Files/Unity/Hub/Editor/2022.3.20f1/Editor/Data/PlaybackEngines/WindowsStandaloneSupport/UnityEditor.WindowsStandalone.Extensions.dll
Registered in 0.035096 seconds.
- Loaded All Assemblies, in  0.607 seconds
Native extension for WindowsStandalone target not found
[usbmuxd] Start listen thread
[usbmuxd] Listen thread started
Native extension for iOS target not found
Native extension for Android target not found
Android Extension - Scanning For ADB Devices 2430 ms
Native extension for WebGL target not found
Mono: successfully reloaded assembly
- Finished resetting the current domain, in  3.007 seconds
Domain Reload Profiling: 3609ms
	BeginReloadAssembly (186ms)
		ExecutionOrderSort (0ms)
		DisableScriptedObjects (0ms)
		BackupInstance (0ms)
		ReleaseScriptingObjects (0ms)
		CreateAndSetChildDomain (1ms)
	RebuildCommonClasses (52ms)
	RebuildNativeTypeToScriptingClass (15ms)
	initialDomainReloadingComplete (112ms)
	LoadAllAssembliesAndSetupDomain (237ms)
		LoadAssemblies (183ms)
		RebuildTransferFunctionScriptingTraits (0ms)
		AnalyzeDomain (232ms)
			TypeCache.Refresh (231ms)
				TypeCache.ScanAssembly (213ms)
			ScanForSourceGeneratedMonoScriptInfo (0ms)
			ResolveRequiredComponents (1ms)
	FinalizeReload (3007ms)
		ReleaseScriptCaches (0ms)
		RebuildScriptCaches (0ms)
		SetupLoadedEditorAssemblies (2924ms)
			LogAssemblyErrors (0ms)
			InitializePlatformSupportModulesInManaged (2643ms)
			SetLoadedEditorAssemblies (5ms)
			RefreshPlugins (0ms)
			BeforeProcessingInitializeOnLoad (3ms)
			ProcessInitializeOnLoadAttributes (189ms)
			ProcessInitializeOnLoadMethodAttributes (84ms)
			AfterProcessingInitializeOnLoad (0ms)
			EditorAssembliesLoaded (0ms)
		ExecutionOrderSort2 (0ms)
		AwakeInstancesAfterBackupRestoration (0ms)
========================================================================
Worker process is ready to serve import requests
Begin MonoManager ReloadAssembly
- Loaded All Assemblies, in  1.479 seconds
Refreshing native plugins compatible for Editor in 9.66 ms, found 4 plugins.
Native extension for WindowsStandalone target not found
Native extension for iOS target not found
Native extension for Android target not found
Native extension for WebGL target not found
Mono: successfully reloaded assembly
- Finished resetting the current domain, in  1.971 seconds
Domain Reload Profiling: 3441ms
	BeginReloadAssembly (226ms)
		ExecutionOrderSort (0ms)
		DisableScriptedObjects (7ms)
		BackupInstance (0ms)
		ReleaseScriptingObjects (0ms)
		CreateAndSetChildDomain (33ms)
	RebuildCommonClasses (47ms)
	RebuildNativeTypeToScriptingClass (17ms)
	initialDomainReloadingComplete (75ms)
	LoadAllAssembliesAndSetupDomain (1104ms)
		LoadAssemblies (639ms)
		RebuildTransferFunctionScriptingTraits (0ms)
		AnalyzeDomain (599ms)
			TypeCache.Refresh (537ms)
				TypeCache.ScanAssembly (500ms)
			ScanForSourceGeneratedMonoScriptInfo (40ms)
			ResolveRequiredComponents (20ms)
	FinalizeReload (1971ms)
		ReleaseScriptCaches (0ms)
		RebuildScriptCaches (0ms)
		SetupLoadedEditorAssemblies (1461ms)
			LogAssemblyErrors (0ms)
			InitializePlatformSupportModulesInManaged (98ms)
			SetLoadedEditorAssemblies (7ms)
			RefreshPlugins (0ms)
			BeforeProcessingInitializeOnLoad (411ms)
			ProcessInitializeOnLoadAttributes (852ms)
			ProcessInitializeOnLoadMethodAttributes (74ms)
			AfterProcessingInitializeOnLoad (18ms)
			EditorAssembliesLoaded (0ms)
		ExecutionOrderSort2 (0ms)
		AwakeInstancesAfterBackupRestoration (9ms)
Launched and connected shader compiler UnityShaderCompiler.exe after 0.09 seconds
Refreshing native plugins compatible for Editor in 10.51 ms, found 4 plugins.
Preloading 0 native plugins for Editor in 0.00 ms.
Unloading 4474 Unused Serialized files (Serialized files now loaded: 0)
Unloading 76 unused Assets / (65.8 KB). Loaded Objects now: 4933.
Memory consumption went from 163.0 MB to 163.0 MB.
Total: 23.504400 ms (FindLiveObjects: 0.712000 ms CreateObjectMapping: 1.200700 ms MarkObjects: 21.380200 ms  DeleteObjects: 0.210200 ms)

AssetImportParameters requested are different than current active one (requested -> active):
  custom:container-demuxer-ogg: 62fdf1f143b41e24485cea50d1cbac27 -> 
  custom:video-codec-MediaFoundation-h265: 746d11721c4dcdbdad8f713fa42b33f4 -> 
  custom:video-decoder-ogg-theora: a1e56fd34408186e4bbccfd4996cb3dc -> 
  custom:framework-win-MediaFoundation: 216162199b28c13a410421893ffa2e32 -> 
  custom:CustomObjectIndexerAttribute: 6d391050e5a25f67b0a2c618074f2cd9 -> 
  custom:container-demuxer-webm: 4f35f7cbe854078d1ac9338744f61a02 -> 
  custom:container-muxer-webm: aa71ff27fc2769a1b78a27578f13a17b -> 
  custom:video-decoder-webm-vp8: 9c59270c3fd7afecdb556c50c9e8de78 -> 
  custom:SearchIndexIgnoredProperties: e643bd26f0fe6173181afceb89e7c659 -> 
  custom:AudioImporter_EditorPlatform: d09bf68614088b80899f8185d706f6e7 -> 
  custom:video-encoder-webm-vp8: eb34c28f22e8b96e1ab97ce403110664 -> 
  custom:audio-decoder-ogg-vorbis: bf7c407c2cedff20999df2af8eb42d56 -> 
  custom:audio-encoder-webm-vorbis: bf7c407c2cedff20999df2af8eb42d56 -> 
========================================================================
Received Import Request.
  Time since last request: 136583.387162 seconds.
  path: Assets/Sprites/item_glow.png
  artifactKey: Guid(c6d6028bd85145c40b4bee73e827b33b) Importer(815301076,1909f56bfc062723c751e8b465ee728b)
Start importing Assets/Sprites/item_glow.png using Guid(c6d6028bd85145c40b4bee73e827b33b) Importer(815301076,1909f56bfc062723c751e8b465ee728b)  -> (artifact id: '55b40bf45d55530ed3f6b77f1e88395e') in 0.205605 seconds
Number of updated asset objects reloaded before import = 0
Number of asset objects unloaded after import = 3
========================================================================
Received Import Request.
  Time since last request: 0.000032 seconds.
  path: Assets/Sprites/background_raw.png
  artifactKey: Guid(282310d8cec253a41bf61359a475b0d9) Importer(815301076,1909f56bfc062723c751e8b465ee728b)
Start importing Assets/Sprites/background_raw.png using Guid(282310d8cec253a41bf61359a475b0d9) Importer(815301076,1909f56bfc062723c751e8b465ee728b)  -> (artifact id: 'cba559676590446fe7e207c7c728794a') in 0.100924 seconds
Number of updated asset objects reloaded before import = 0
Number of asset objects unloaded after import = 3
========================================================================
Received Import Request.
  Time since last request: 0.000044 seconds.
  path: Assets/Sprites/item_bar.png
  artifactKey: Guid(763d30b13c723734085a30d67107c397) Importer(815301076,1909f56bfc062723c751e8b465ee728b)
Start importing Assets/Sprites/item_bar.png using Guid(763d30b13c723734085a30d67107c397) Importer(815301076,1909f56bfc062723c751e8b465ee728b)  -> (artifact id: '84fbc36565bc767f02d2226c09fb6ff1') in 0.045125 seconds
Number of updated asset objects reloaded before import = 0
Number of asset objects unloaded after import = 3
========================================================================
Received Import Request.
  Time since last request: 0.000016 seconds.
  path: Assets/Sprites/item_badge_blue.png
  artifactKey: Guid(6a9167cdb70e8dc43b4c8e18c6ea8ac4) Importer(815301076,1909f56bfc062723c751e8b465ee728b)
Start importing Assets/Sprites/item_badge_blue.png using Guid(6a9167cdb70e8dc43b4c8e18c6ea8ac4) Importer(815301076,1909f56bfc062723c751e8b465ee728b)  -> (artifact id: '53038c4a445556d3f21802cb6f26a1eb') in 0.052487 seconds
Number of updated asset objects reloaded before import = 0
Number of asset objects unloaded after import = 3
========================================================================
Received Import Request.
  Time since last request: 0.000019 seconds.
  path: Assets/Sprites/btn_normal.png
  artifactKey: Guid(807dc0eb3226c4e4eb300f291abf68a7) Importer(815301076,1909f56bfc062723c751e8b465ee728b)
Start importing Assets/Sprites/btn_normal.png using Guid(807dc0eb3226c4e4eb300f291abf68a7) Importer(815301076,1909f56bfc062723c751e8b465ee728b)  -> (artifact id: 'ecf707904b9ef2b6028f4db2147fdc7a') in 0.038795 seconds
Number of updated asset objects reloaded before import = 0
Number of asset objects unloaded after import = 3
========================================================================
Received Import Request.
  Time since last request: 0.000026 seconds.
  path: Assets/Sprites/item_badge_red.png
  artifactKey: Guid(206e783ca0fedaa469e15545cc803747) Importer(815301076,1909f56bfc062723c751e8b465ee728b)
Start importing Assets/Sprites/item_badge_red.png using Guid(206e783ca0fedaa469e15545cc803747) Importer(815301076,1909f56bfc062723c751e8b465ee728b)  -> (artifact id: '3d0e08da823f76daa7c2d31d52be7f1e') in 0.049651 seconds
Number of updated asset objects reloaded before import = 0
Number of asset objects unloaded after import = 3
========================================================================
Received Import Request.
  Time since last request: 0.000016 seconds.
  path: Assets/Packages/Moq.4.20.72/icon.png
  artifactKey: Guid(4c1c59743faed4645ace68173c39257e) Importer(815301076,1909f56bfc062723c751e8b465ee728b)
Start importing Assets/Packages/Moq.4.20.72/icon.png using Guid(4c1c59743faed4645ace68173c39257e) Importer(815301076,1909f56bfc062723c751e8b465ee728b)  -> (artifact id: '62f739b11413d718c3c74b3984272ca3') in 0.051717 seconds
Number of updated asset objects reloaded before import = 0
Number of asset objects unloaded after import = 3
========================================================================
Received Import Request.
  Time since last request: 0.000019 seconds.
  path: Assets/Sprites/item_badge_green.png
  artifactKey: Guid(6fed6a5e8fb1b69448f9992f6ba08810) Importer(815301076,1909f56bfc062723c751e8b465ee728b)
Start importing Assets/Sprites/item_badge_green.png using Guid(6fed6a5e8fb1b69448f9992f6ba08810) Importer(815301076,1909f56bfc062723c751e8b465ee728b)  -> (artifact id: 'df25b03b980d84ac3914dfe2dbad341e') in 0.051170 seconds
Number of updated asset objects reloaded before import = 0
Number of asset objects unloaded after import = 3
========================================================================
Received Import Request.
  Time since last request: 0.000024 seconds.
  path: Assets/Sprites/btn_disabled.png
  artifactKey: Guid(2730200ec16d00349adb1576a89b2c92) Importer(815301076,1909f56bfc062723c751e8b465ee728b)
Start importing Assets/Sprites/btn_disabled.png using Guid(2730200ec16d00349adb1576a89b2c92) Importer(815301076,1909f56bfc062723c751e8b465ee728b)  -> (artifact id: '3641c2a17cc3f41398792c30daf5b4d2') in 0.037254 seconds
Number of updated asset objects reloaded before import = 0
Number of asset objects unloaded after import = 3
========================================================================
Received Import Request.
  Time since last request: 0.000017 seconds.
  path: Assets/Packages/Castle.Core.5.1.1/castle-logo.png
  artifactKey: Guid(e7ce1721eedc02343b4f757a086551e5) Importer(815301076,1909f56bfc062723c751e8b465ee728b)
Start importing Assets/Packages/Castle.Core.5.1.1/castle-logo.png using Guid(e7ce1721eedc02343b4f757a086551e5) Importer(815301076,1909f56bfc062723c751e8b465ee728b)  -> (artifact id: 'd5f88cbd86d1bc98e0f09df949b0da45') in 0.037130 seconds
Number of updated asset objects reloaded before import = 0
Number of asset objects unloaded after import = 3
========================================================================
Received Import Request.
  Time since last request: 0.000032 seconds.
  path: Assets/Sprites/ui_mock.png
  artifactKey: Guid(5ff1b0656b506614c8d56dfcd56c143b) Importer(815301076,1909f56bfc062723c751e8b465ee728b)
Start importing Assets/Sprites/ui_mock.png using Guid(5ff1b0656b506614c8d56dfcd56c143b) Importer(815301076,1909f56bfc062723c751e8b465ee728b)  -> (artifact id: '6777ae6f27b847311575918c87d713a2') in 0.064835 seconds
Number of updated asset objects reloaded before import = 0
Number of asset objects unloaded after import = 3
========================================================================
Received Import Request.
  Time since last request: 0.000031 seconds.
  path: Assets/Sprites/btn_pressed.png
  artifactKey: Guid(bdd3991689d91114a8e23d6cfea07bcb) Importer(815301076,1909f56bfc062723c751e8b465ee728b)
Start importing Assets/Sprites/btn_pressed.png using Guid(bdd3991689d91114a8e23d6cfea07bcb) Importer(815301076,1909f56bfc062723c751e8b465ee728b)  -> (artifact id: '394aaf52bc16c7460a78bf3ec87d8a39') in 0.042037 seconds
Number of updated asset objects reloaded before import = 0
Number of asset objects unloaded after import = 3
========================================================================
Received Import Request.
  Time since last request: 0.000022 seconds.
  path: Assets/Packages/NUnit.4.3.2/icon.png
  artifactKey: Guid(feb4fe952b6241d46a94886f62ddd741) Importer(815301076,1909f56bfc062723c751e8b465ee728b)
Start importing Assets/Packages/NUnit.4.3.2/icon.png using Guid(feb4fe952b6241d46a94886f62ddd741) Importer(815301076,1909f56bfc062723c751e8b465ee728b)  -> (artifact id: '87c1dbcd660c64ffca6ddb093f4f7ade') in 0.050778 seconds
Number of updated asset objects reloaded before import = 0
Number of asset objects unloaded after import = 3
========================================================================
Received Import Request.
  Time since last request: 0.000016 seconds.
  path: Assets/Sprites/loading.png
  artifactKey: Guid(be426aeafbbfb8b4180ed67312fbe24d) Importer(815301076,1909f56bfc062723c751e8b465ee728b)
Start importing Assets/Sprites/loading.png using Guid(be426aeafbbfb8b4180ed67312fbe24d) Importer(815301076,1909f56bfc062723c751e8b465ee728b)  -> (artifact id: '90b810132239119dee63864c13547eab') in 0.060534 seconds
Number of updated asset objects reloaded before import = 0
Number of asset objects unloaded after import = 3
========================================================================
Received Import Request.
  Time since last request: 59.112907 seconds.
  path: Assets/Sprites
  artifactKey: Guid(a182c090df1313a45a682d8984182b67) Importer(815301076,1909f56bfc062723c751e8b465ee728b)
Start importing Assets/Sprites using Guid(a182c090df1313a45a682d8984182b67) Importer(815301076,1909f56bfc062723c751e8b465ee728b)  -> (artifact id: '3165cc509fd4b7f36a20c9b991456788') in 0.000583 seconds
Number of updated asset objects reloaded before import = 0
Number of asset objects unloaded after import = 0
========================================================================
Received Import Request.
  Time since last request: 438.718845 seconds.
  path: Assets/Resources/Installers/CategoryConfigInstaller.asset
  artifactKey: Guid(facb4e895ccc8b541b396958c399bd71) Importer(815301076,1909f56bfc062723c751e8b465ee728b)
Start importing Assets/Resources/Installers/CategoryConfigInstaller.asset using Guid(facb4e895ccc8b541b396958c399bd71) Importer(815301076,1909f56bfc062723c751e8b465ee728b)  -> (artifact id: 'd0da4267488cd694b4c7532783881ffc') in 0.004471 seconds
Number of updated asset objects reloaded before import = 0
Number of asset objects unloaded after import = 5
========================================================================
Received Import Request.
  Time since last request: 0.000019 seconds.
  path: Assets/Resources/Installers/PanelSignalsInstaller.asset
  artifactKey: Guid(348637b4a6d84bc4c9dae55b56f0d40a) Importer(815301076,1909f56bfc062723c751e8b465ee728b)
Start importing Assets/Resources/Installers/PanelSignalsInstaller.asset using Guid(348637b4a6d84bc4c9dae55b56f0d40a) Importer(815301076,1909f56bfc062723c751e8b465ee728b)  -> (artifact id: 'c8a4e3126c61d98d7ede7988a9ccfed7') in 0.001094 seconds
Number of updated asset objects reloaded before import = 0
Number of asset objects unloaded after import = 1
========================================================================
Received Import Request.
  Time since last request: 0.000027 seconds.
  path: Assets/Resources/Installers/PanelInstaller.asset
  artifactKey: Guid(4a786802b252637458eef0711e67a9a3) Importer(815301076,1909f56bfc062723c751e8b465ee728b)
Start importing Assets/Resources/Installers/PanelInstaller.asset using Guid(4a786802b252637458eef0711e67a9a3) Importer(815301076,1909f56bfc062723c751e8b465ee728b)  -> (artifact id: '0779ec5177e63b7cd079f265dc242d13') in 0.054000 seconds
Number of updated asset objects reloaded before import = 0
Number of asset objects unloaded after import = 40
========================================================================
Received Import Request.
  Time since last request: 6.001378 seconds.
  path: Assets/Scripts
  artifactKey: Guid(d52aace253beacb41b709fe17e71dc9f) Importer(815301076,1909f56bfc062723c751e8b465ee728b)
Start importing Assets/Scripts using Guid(d52aace253beacb41b709fe17e71dc9f) Importer(815301076,1909f56bfc062723c751e8b465ee728b)  -> (artifact id: 'a236cfe9fde34ad6a7bef523b62695b4') in 0.000570 seconds
Number of updated asset objects reloaded before import = 0
Number of asset objects unloaded after import = 0
========================================================================
Received Import Request.
  Time since last request: 0.071144 seconds.
  path: Assets/Scripts/Scripts.asmdef
  artifactKey: Guid(f661837c989904d4fb7db89869b0cdb3) Importer(815301076,1909f56bfc062723c751e8b465ee728b)
Start importing Assets/Scripts/Scripts.asmdef using Guid(f661837c989904d4fb7db89869b0cdb3) Importer(815301076,1909f56bfc062723c751e8b465ee728b)  -> (artifact id: '41e4085834d7cf8ffe6a9e46c84d8dd5') in 0.000486 seconds
Number of updated asset objects reloaded before import = 0
Number of asset objects unloaded after import = 0
========================================================================
Received Import Request.
  Time since last request: 1.392566 seconds.
  path: Assets/Scripts/Utils
  artifactKey: Guid(9e12359a7023ae74e82adc1066f1b68c) Importer(815301076,1909f56bfc062723c751e8b465ee728b)
Start importing Assets/Scripts/Utils using Guid(9e12359a7023ae74e82adc1066f1b68c) Importer(815301076,1909f56bfc062723c751e8b465ee728b)  -> (artifact id: '95fa5e9f19075045646f26a3b9df7eb7') in 0.000549 seconds
Number of updated asset objects reloaded before import = 0
Number of asset objects unloaded after import = 0
========================================================================
Received Import Request.
  Time since last request: 0.225669 seconds.
  path: Assets/Scripts/UI
  artifactKey: Guid(8f49cb8e3ae2ca24b88585838abba1d5) Importer(815301076,1909f56bfc062723c751e8b465ee728b)
Start importing Assets/Scripts/UI using Guid(8f49cb8e3ae2ca24b88585838abba1d5) Importer(815301076,1909f56bfc062723c751e8b465ee728b)  -> (artifact id: '923ec8c40db38d88aa5878365247999f') in 0.000517 seconds
Number of updated asset objects reloaded before import = 0
Number of asset objects unloaded after import = 0
========================================================================
Received Import Request.
  Time since last request: 0.166736 seconds.
  path: Assets/Scripts/Signals
  artifactKey: Guid(e807b955444695849ba6c1c8a379d269) Importer(815301076,1909f56bfc062723c751e8b465ee728b)
Start importing Assets/Scripts/Signals using Guid(e807b955444695849ba6c1c8a379d269) Importer(815301076,1909f56bfc062723c751e8b465ee728b)  -> (artifact id: '3eb5707f8f932c3b1894802db8251514') in 0.000551 seconds
Number of updated asset objects reloaded before import = 0
Number of asset objects unloaded after import = 0
========================================================================
Received Import Request.
  Time since last request: 0.219349 seconds.
  path: Assets/Scripts/Core
  artifactKey: Guid(6e62dc0f1ad66b649887d38d57bdc0da) Importer(815301076,1909f56bfc062723c751e8b465ee728b)
Start importing Assets/Scripts/Core using Guid(6e62dc0f1ad66b649887d38d57bdc0da) Importer(815301076,1909f56bfc062723c751e8b465ee728b)  -> (artifact id: 'abceeca79367fab91c6ceb01c1544567') in 0.000531 seconds
Number of updated asset objects reloaded before import = 0
Number of asset objects unloaded after import = 0
========================================================================
Received Import Request.
  Time since last request: 1.637218 seconds.
  path: Assets/Scripts/Core/DataServerMock.cs
  artifactKey: Guid(ad9d4ac0c2818fd448831a9406894adf) Importer(815301076,1909f56bfc062723c751e8b465ee728b)
Start importing Assets/Scripts/Core/DataServerMock.cs using Guid(ad9d4ac0c2818fd448831a9406894adf) Importer(815301076,1909f56bfc062723c751e8b465ee728b)  -> (artifact id: '0ce0d01f81fd0e5faa1a24a8269a20f5') in 0.000540 seconds
Number of updated asset objects reloaded before import = 0
Number of asset objects unloaded after import = 0
========================================================================
Received Import Request.
  Time since last request: 2.329064 seconds.
  path: Assets/Scripts/Core/DataItem.cs
  artifactKey: Guid(d8fb6bfb0f72545468ccb134d1aea846) Importer(815301076,1909f56bfc062723c751e8b465ee728b)
Start importing Assets/Scripts/Core/DataItem.cs using Guid(d8fb6bfb0f72545468ccb134d1aea846) Importer(815301076,1909f56bfc062723c751e8b465ee728b)  -> (artifact id: '0ef0472c743c7e2b624ad019b2ff4ae6') in 0.000562 seconds
Number of updated asset objects reloaded before import = 0
Number of asset objects unloaded after import = 0
========================================================================
Received Import Request.
  Time since last request: 4.903433 seconds.
  path: Assets/Scripts/Core/IDataServer.cs
  artifactKey: Guid(8636217fb8a30924f8f9586e0486c467) Importer(815301076,1909f56bfc062723c751e8b465ee728b)
Start importing Assets/Scripts/Core/IDataServer.cs using Guid(8636217fb8a30924f8f9586e0486c467) Importer(815301076,1909f56bfc062723c751e8b465ee728b)  -> (artifact id: 'b5b0cd4753ed4cbe76ecfeb726bcfbc7') in 0.000541 seconds
Number of updated asset objects reloaded before import = 0
Number of asset objects unloaded after import = 0
========================================================================
Received Import Request.
  Time since last request: 161.062152 seconds.
  path: Assets/Plugins
  artifactKey: Guid(db84040c016ff1f4e8717ff196253d27) Importer(815301076,1909f56bfc062723c751e8b465ee728b)
Start importing Assets/Plugins using Guid(db84040c016ff1f4e8717ff196253d27) Importer(815301076,1909f56bfc062723c751e8b465ee728b)  -> (artifact id: '71e3fa069933fc9944b89e85eeaf0f2a') in 0.000734 seconds
Number of updated asset objects reloaded before import = 0
Number of asset objects unloaded after import = 0
